app/build/intermediates/manifest_merge_blame_file/debug/processDebugMainManifest/manifest-merger-blame-debug-report.txt
1<?xml version="1.0" encoding="utf-8"?>
2<manifest xmlns:android="http://schemas.android.com/apk/res/android"
3    package="com.powerguard.app.debug"
4    android:versionCode="1"
5    android:versionName="1.0.0" >
6
7    <uses-sdk
8        android:minSdkVersion="29"
9        android:targetSdkVersion="34" />
10
11    <!-- ===== NORMAL PERMISSIONS (auto-granted) ===== -->
12    <uses-permission android:name="android.permission.RECEIVE_BOOT_COMPLETED" />
12-->src\main\AndroidManifest.xml:5:5-81
12-->src\main\AndroidManifest.xml:5:22-78
13    <uses-permission android:name="android.permission.FOREGROUND_SERVICE" />
13-->src\main\AndroidManifest.xml:6:5-77
13-->src\main\AndroidManifest.xml:6:22-74
14    <!-- Required on API 34+ for dataSync foreground service type -->
15    <uses-permission android:name="android.permission.FOREGROUND_SERVICE_DATA_SYNC" />
15-->src\main\AndroidManifest.xml:8:5-87
15-->src\main\AndroidManifest.xml:8:22-84
16
17    <!-- Volume / audio control — no runtime grant needed -->
18    <uses-permission android:name="android.permission.MODIFY_AUDIO_SETTINGS" />
18-->src\main\AndroidManifest.xml:11:5-80
18-->src\main\AndroidManifest.xml:11:22-77
19
20    <!-- Wi-Fi state read (checking SSID for home-network exception) -->
21    <uses-permission android:name="android.permission.ACCESS_WIFI_STATE" />
21-->src\main\AndroidManifest.xml:14:5-76
21-->src\main\AndroidManifest.xml:14:22-73
22    <uses-permission android:name="android.permission.ACCESS_NETWORK_STATE" />
22-->src\main\AndroidManifest.xml:15:5-79
22-->src\main\AndroidManifest.xml:15:22-76
23
24    <!-- Battery state — used for charging exception -->
25    <!-- No permission needed; ACTION_BATTERY_CHANGED is a protected broadcast -->
26
27
28    <!-- ===== DANGEROUS PERMISSIONS (runtime grant required) ===== -->
29    <!-- Notifications — required on API 33+ -->
30    <uses-permission android:name="android.permission.POST_NOTIFICATIONS" />
30-->src\main\AndroidManifest.xml:22:5-77
30-->src\main\AndroidManifest.xml:22:22-74
31
32    <!-- Bluetooth control on API 31-32; read state on API 33+ -->
33    <uses-permission android:name="android.permission.BLUETOOTH_CONNECT" />
33-->src\main\AndroidManifest.xml:25:5-76
33-->src\main\AndroidManifest.xml:25:22-73
34    <!-- Legacy Bluetooth admin for API 29-30 -->
35    <uses-permission
35-->src\main\AndroidManifest.xml:27:5-28:38
36        android:name="android.permission.BLUETOOTH_ADMIN"
36-->src\main\AndroidManifest.xml:27:22-71
37        android:maxSdkVersion="30" />
37-->src\main\AndroidManifest.xml:28:9-35
38
39    <!-- Location — needed to read connected Wi-Fi SSID (home-network exception) -->
40    <uses-permission android:name="android.permission.ACCESS_FINE_LOCATION" />
40-->src\main\AndroidManifest.xml:31:5-79
40-->src\main\AndroidManifest.xml:31:22-76
41
42    <!-- ===== SPECIAL APP ACCESS (user grants via system Settings UI) ===== -->
43    <!-- Must be declared so Android shows an interactive toggle on the settings page -->
44    <uses-permission android:name="android.permission.WRITE_SETTINGS" />
44-->src\main\AndroidManifest.xml:35:5-73
44-->src\main\AndroidManifest.xml:35:22-70
45    <uses-permission android:name="android.permission.ACCESS_NOTIFICATION_POLICY" />
45-->src\main\AndroidManifest.xml:36:5-85
45-->src\main\AndroidManifest.xml:36:22-82
46
47    <permission
47-->[androidx.core:core:1.13.1] AndroidManifest.xml:22:5-24:47
48        android:name="com.powerguard.app.debug.DYNAMIC_RECEIVER_NOT_EXPORTED_PERMISSION"
48-->[androidx.core:core:1.13.1] AndroidManifest.xml:23:9-81
49        android:protectionLevel="signature" />
49-->[androidx.core:core:1.13.1] AndroidManifest.xml:24:9-44
50
51    <uses-permission android:name="com.powerguard.app.debug.DYNAMIC_RECEIVER_NOT_EXPORTED_PERMISSION" />
51-->[androidx.core:core:1.13.1] AndroidManifest.xml:26:5-97
51-->[androidx.core:core:1.13.1] AndroidManifest.xml:26:22-94
52
53    <application
53-->src\main\AndroidManifest.xml:38:5-79:19
54        android:name="com.powerguard.app.PowerGuardApp"
54-->src\main\AndroidManifest.xml:39:9-38
55        android:allowBackup="true"
55-->src\main\AndroidManifest.xml:44:9-35
56        android:appComponentFactory="androidx.core.app.CoreComponentFactory"
56-->[androidx.core:core:1.13.1] AndroidManifest.xml:28:18-86
57        android:dataExtractionRules="@xml/data_extraction_rules"
57-->src\main\AndroidManifest.xml:45:9-65
58        android:debuggable="true"
59        android:extractNativeLibs="false"
60        android:fullBackupContent="@xml/backup_rules"
60-->src\main\AndroidManifest.xml:46:9-54
61        android:icon="@mipmap/ic_launcher"
61-->src\main\AndroidManifest.xml:41:9-43
62        android:label="@string/app_name"
62-->src\main\AndroidManifest.xml:40:9-41
63        android:roundIcon="@mipmap/ic_launcher_round"
63-->src\main\AndroidManifest.xml:42:9-54
64        android:supportsRtl="true"
64-->src\main\AndroidManifest.xml:47:9-35
65        android:testOnly="true"
66        android:theme="@style/Theme.PowerGuard" >
66-->src\main\AndroidManifest.xml:43:9-48
67        <activity
67-->src\main\AndroidManifest.xml:49:9-57:20
68            android:name="com.powerguard.app.ui.MainActivity"
68-->src\main\AndroidManifest.xml:50:13-44
69            android:exported="true"
69-->src\main\AndroidManifest.xml:51:13-36
70            android:windowSoftInputMode="adjustResize" >
70-->src\main\AndroidManifest.xml:52:13-55
71            <intent-filter>
71-->src\main\AndroidManifest.xml:53:13-56:29
72                <action android:name="android.intent.action.MAIN" />
72-->src\main\AndroidManifest.xml:54:17-69
72-->src\main\AndroidManifest.xml:54:25-66
73
74                <category android:name="android.intent.category.LAUNCHER" />
74-->src\main\AndroidManifest.xml:55:17-77
74-->src\main\AndroidManifest.xml:55:27-74
75            </intent-filter>
76        </activity>
77
78        <!--
79            Foreground service.
80            foregroundServiceType="dataSync" is required on API 34+.
81            The type covers our periodic state-sync / monitoring pattern.
82        -->
83        <service
83-->src\main\AndroidManifest.xml:64:9-67:56
84            android:name="com.powerguard.app.service.MonitoringService"
84-->src\main\AndroidManifest.xml:65:13-54
85            android:exported="false"
85-->src\main\AndroidManifest.xml:66:13-37
86            android:foregroundServiceType="dataSync" />
86-->src\main\AndroidManifest.xml:67:13-53
87
88        <!-- Boot receiver — starts monitoring service after device reboot -->
89        <receiver
89-->src\main\AndroidManifest.xml:70:9-77:20
90            android:name="com.powerguard.app.receiver.BootReceiver"
90-->src\main\AndroidManifest.xml:71:13-50
91            android:exported="false" >
91-->src\main\AndroidManifest.xml:72:13-37
92            <intent-filter>
92-->src\main\AndroidManifest.xml:73:13-76:29
93                <action android:name="android.intent.action.BOOT_COMPLETED" />
93-->src\main\AndroidManifest.xml:74:17-79
93-->src\main\AndroidManifest.xml:74:25-76
94                <action android:name="android.intent.action.MY_PACKAGE_REPLACED" />
94-->src\main\AndroidManifest.xml:75:17-84
94-->src\main\AndroidManifest.xml:75:25-81
95            </intent-filter>
96        </receiver>
97
98        <activity
98-->[androidx.compose.ui:ui-tooling-android:1.7.5] AndroidManifest.xml:23:9-25:39
99            android:name="androidx.compose.ui.tooling.PreviewActivity"
99-->[androidx.compose.ui:ui-tooling-android:1.7.5] AndroidManifest.xml:24:13-71
100            android:exported="true" />
100-->[androidx.compose.ui:ui-tooling-android:1.7.5] AndroidManifest.xml:25:13-36
101        <activity
101-->[androidx.compose.ui:ui-test-manifest:1.7.5] AndroidManifest.xml:23:9-25:39
102            android:name="androidx.activity.ComponentActivity"
102-->[androidx.compose.ui:ui-test-manifest:1.7.5] AndroidManifest.xml:24:13-63
103            android:exported="true" />
103-->[androidx.compose.ui:ui-test-manifest:1.7.5] AndroidManifest.xml:25:13-36
104
105        <provider
105-->[androidx.emoji2:emoji2:1.3.0] AndroidManifest.xml:24:9-32:20
106            android:name="androidx.startup.InitializationProvider"
106-->[androidx.emoji2:emoji2:1.3.0] AndroidManifest.xml:25:13-67
107            android:authorities="com.powerguard.app.debug.androidx-startup"
107-->[androidx.emoji2:emoji2:1.3.0] AndroidManifest.xml:26:13-68
108            android:exported="false" >
108-->[androidx.emoji2:emoji2:1.3.0] AndroidManifest.xml:27:13-37
109            <meta-data
109-->[androidx.emoji2:emoji2:1.3.0] AndroidManifest.xml:29:13-31:52
110                android:name="androidx.emoji2.text.EmojiCompatInitializer"
110-->[androidx.emoji2:emoji2:1.3.0] AndroidManifest.xml:30:17-75
111                android:value="androidx.startup" />
111-->[androidx.emoji2:emoji2:1.3.0] AndroidManifest.xml:31:17-49
112            <meta-data
112-->[androidx.lifecycle:lifecycle-process:2.8.7] AndroidManifest.xml:29:13-31:52
113                android:name="androidx.lifecycle.ProcessLifecycleInitializer"
113-->[androidx.lifecycle:lifecycle-process:2.8.7] AndroidManifest.xml:30:17-78
114                android:value="androidx.startup" />
114-->[androidx.lifecycle:lifecycle-process:2.8.7] AndroidManifest.xml:31:17-49
115            <meta-data
115-->[androidx.profileinstaller:profileinstaller:1.3.1] AndroidManifest.xml:29:13-31:52
116                android:name="androidx.profileinstaller.ProfileInstallerInitializer"
116-->[androidx.profileinstaller:profileinstaller:1.3.1] AndroidManifest.xml:30:17-85
117                android:value="androidx.startup" />
117-->[androidx.profileinstaller:profileinstaller:1.3.1] AndroidManifest.xml:31:17-49
118        </provider>
119
120        <service
120-->[androidx.room:room-runtime:2.6.1] AndroidManifest.xml:24:9-28:63
121            android:name="androidx.room.MultiInstanceInvalidationService"
121-->[androidx.room:room-runtime:2.6.1] AndroidManifest.xml:25:13-74
122            android:directBootAware="true"
122-->[androidx.room:room-runtime:2.6.1] AndroidManifest.xml:26:13-43
123            android:exported="false" />
123-->[androidx.room:room-runtime:2.6.1] AndroidManifest.xml:27:13-37
124
125        <receiver
125-->[androidx.profileinstaller:profileinstaller:1.3.1] AndroidManifest.xml:34:9-52:20
126            android:name="androidx.profileinstaller.ProfileInstallReceiver"
126-->[androidx.profileinstaller:profileinstaller:1.3.1] AndroidManifest.xml:35:13-76
127            android:directBootAware="false"
127-->[androidx.profileinstaller:profileinstaller:1.3.1] AndroidManifest.xml:36:13-44
128            android:enabled="true"
128-->[androidx.profileinstaller:profileinstaller:1.3.1] AndroidManifest.xml:37:13-35
129            android:exported="true"
129-->[androidx.profileinstaller:profileinstaller:1.3.1] AndroidManifest.xml:38:13-36
130            android:permission="android.permission.DUMP" >
130-->[androidx.profileinstaller:profileinstaller:1.3.1] AndroidManifest.xml:39:13-57
131            <intent-filter>
131-->[androidx.profileinstaller:profileinstaller:1.3.1] AndroidManifest.xml:40:13-42:29
132                <action android:name="androidx.profileinstaller.action.INSTALL_PROFILE" />
132-->[androidx.profileinstaller:profileinstaller:1.3.1] AndroidManifest.xml:41:17-91
132-->[androidx.profileinstaller:profileinstaller:1.3.1] AndroidManifest.xml:41:25-88
133            </intent-filter>
134            <intent-filter>
134-->[androidx.profileinstaller:profileinstaller:1.3.1] AndroidManifest.xml:43:13-45:29
135                <action android:name="androidx.profileinstaller.action.SKIP_FILE" />
135-->[androidx.profileinstaller:profileinstaller:1.3.1] AndroidManifest.xml:44:17-85
135-->[androidx.profileinstaller:profileinstaller:1.3.1] AndroidManifest.xml:44:25-82
136            </intent-filter>
137            <intent-filter>
137-->[androidx.profileinstaller:profileinstaller:1.3.1] AndroidManifest.xml:46:13-48:29
138                <action android:name="androidx.profileinstaller.action.SAVE_PROFILE" />
138-->[androidx.profileinstaller:profileinstaller:1.3.1] AndroidManifest.xml:47:17-88
138-->[androidx.profileinstaller:profileinstaller:1.3.1] AndroidManifest.xml:47:25-85
139            </intent-filter>
140            <intent-filter>
140-->[androidx.profileinstaller:profileinstaller:1.3.1] AndroidManifest.xml:49:13-51:29
141                <action android:name="androidx.profileinstaller.action.BENCHMARK_OPERATION" />
141-->[androidx.profileinstaller:profileinstaller:1.3.1] AndroidManifest.xml:50:17-95
141-->[androidx.profileinstaller:profileinstaller:1.3.1] AndroidManifest.xml:50:25-92
142            </intent-filter>
143        </receiver>
144    </application>
145
146</manifest>